Unagi_or_sushi/gradleBuild/outputs/logs/manifest-merger-debug-report.txt
-- Merging decision tree log ---
manifest
ADDED from Unagi_or_sushi/Unagi_or_sushi/AndroidManifest.xml:18:1-64:12
	package
		ADDED from Unagi_or_sushi/Unagi_or_sushi/AndroidManifest.xml:19:5-34
		INJECTED from Unagi_or_sushi/Unagi_or_sushi/AndroidManifest.xml
		INJECTED from Unagi_or_sushi/Unagi_or_sushi/AndroidManifest.xml
	xmlns:android
		ADDED from Unagi_or_sushi/Unagi_or_sushi/AndroidManifest.xml:18:11-69
uses-permission#android.permission.CAMERA
ADDED from Unagi_or_sushi/Unagi_or_sushi/AndroidManifest.xml:21:5-65
	android:name
		ADDED from Unagi_or_sushi/Unagi_or_sushi/AndroidManifest.xml:21:22-62
uses-feature#android.hardware.camera
ADDED from Unagi_or_sushi/Unagi_or_sushi/AndroidManifest.xml:22:5-60
	android:name
		ADDED from Unagi_or_sushi/Unagi_or_sushi/AndroidManifest.xml:22:19-57
uses-feature#android.hardware.camera.autofocus
ADDED from Unagi_or_sushi/Unagi_or_sushi/AndroidManifest.xml:23:5-70
	android:name
		ADDED from Unagi_or_sushi/Unagi_or_sushi/AndroidManifest.xml:23:19-67
uses-permission#android.permission.WRITE_EXTERNAL_STORAGE
ADDED from Unagi_or_sushi/Unagi_or_sushi/AndroidManifest.xml:24:5-80
	android:name
		ADDED from Unagi_or_sushi/Unagi_or_sushi/AndroidManifest.xml:24:22-78
uses-sdk
ADDED from Unagi_or_sushi/Unagi_or_sushi/AndroidManifest.xml:26:5-28:41
	android:targetSdkVersion
		ADDED from Unagi_or_sushi/Unagi_or_sushi/AndroidManifest.xml:28:9-38
		INJECTED from Unagi_or_sushi/Unagi_or_sushi/AndroidManifest.xml
		INJECTED from Unagi_or_sushi/Unagi_or_sushi/AndroidManifest.xml
	android:minSdkVersion
		ADDED from Unagi_or_sushi/Unagi_or_sushi/AndroidManifest.xml:27:9-35
		INJECTED from Unagi_or_sushi/Unagi_or_sushi/AndroidManifest.xml
		INJECTED from Unagi_or_sushi/Unagi_or_sushi/AndroidManifest.xml
application
ADDED from Unagi_or_sushi/Unagi_or_sushi/AndroidManifest.xml:30:5-62:19
MERGED from [org.tensorflow:tensorflow-android:1.2.0] AndroidManifest.xml:5:5-6:19
	android:allowBackup
		ADDED from Unagi_or_sushi/Unagi_or_sushi/AndroidManifest.xml:30:18-44
activity#org.tensorflow.demo.ClassifierActivity
ADDED from Unagi_or_sushi/Unagi_or_sushi/AndroidManifest.xml:36:9-43:20
	android:screenOrientation
		ADDED from Unagi_or_sushi/Unagi_or_sushi/AndroidManifest.xml:37:19-55
	android:label
		ADDED from Unagi_or_sushi/Unagi_or_sushi/AndroidManifest.xml:38:19-71
	android:name
		ADDED from Unagi_or_sushi/Unagi_or_sushi/AndroidManifest.xml:36:19-72
intent-filter#android.intent.action.MAIN+android.intent.category.LAUNCHER
ADDED from Unagi_or_sushi/Unagi_or_sushi/AndroidManifest.xml:39:13-42:29
action#android.intent.action.MAIN
ADDED from Unagi_or_sushi/Unagi_or_sushi/AndroidManifest.xml:40:17-69
	android:name
		ADDED from Unagi_or_sushi/Unagi_or_sushi/AndroidManifest.xml:40:25-66
category#android.intent.category.LAUNCHER
ADDED from Unagi_or_sushi/Unagi_or_sushi/AndroidManifest.xml:41:17-77
	android:name
		ADDED from Unagi_or_sushi/Unagi_or_sushi/AndroidManifest.xml:41:27-74
activity#org.tensorflow.demo.DetectorActivity
ADDED from Unagi_or_sushi/Unagi_or_sushi/AndroidManifest.xml:45:9-52:20
	android:screenOrientation
		ADDED from Unagi_or_sushi/Unagi_or_sushi/AndroidManifest.xml:46:19-55
	android:label
		ADDED from Unagi_or_sushi/Unagi_or_sushi/AndroidManifest.xml:47:19-66
	android:name
		ADDED from Unagi_or_sushi/Unagi_or_sushi/AndroidManifest.xml:45:19-70
activity#org.tensorflow.demo.StylizeActivity
ADDED from Unagi_or_sushi/Unagi_or_sushi/AndroidManifest.xml:54:9-61:20
	android:screenOrientation
		ADDED from Unagi_or_sushi/Unagi_or_sushi/AndroidManifest.xml:55:19-55
	android:label
		ADDED from Unagi_or_sushi/Unagi_or_sushi/AndroidManifest.xml:56:19-64
	android:name
		ADDED from Unagi_or_sushi/Unagi_or_sushi/AndroidManifest.xml:54:19-69
uses-permission#android.permission.READ_PHONE_STATE
IMPLIED from Unagi_or_sushi/Unagi_or_sushi/AndroidManifest.xml:18:1-64:12 reason: tensorflow.contrib.android has a targetSdkVersion < 4
uses-permission#android.permission.READ_EXTERNAL_STORAGE
IMPLIED from Unagi_or_sushi/Unagi_or_sushi/AndroidManifest.xml:18:1-64:12 reason: tensorflow.contrib.android requested WRITE_EXTERNAL_STORAGE